<?xml version="1.0" encoding="UTF-8"?>
<testng-results total="9" passed="9" failed="0" skipped="0">
  <reporter-output>
  </reporter-output>
  <suite started-at="2022-12-02T12:05:59Z" name="Surefire suite" finished-at="2022-12-02T12:08:46Z" duration-ms="166719">
    <groups>
    </groups>
    <test started-at="2022-12-02T12:05:59Z" name="Surefire test" finished-at="2022-12-02T12:08:46Z" duration-ms="166719">
      <class name="koo_remain_testcases.test_cases">
        <test-method is-config="true" signature="beforetest()[pri:0, instance:koo_remain_testcases.test_cases@23348b5d]" started-at="2022-12-02T17:35:59Z" name="beforetest" finished-at="2022-12-02T17:36:11Z" duration-ms="12079" status="PASS">
          <reporter-output>
          </reporter-output>
        </test-method> <!-- beforetest -->
        <test-method signature="test_case1()[pri:0, instance:koo_remain_testcases.test_cases@23348b5d]" started-at="2022-12-02T17:36:11Z" name="test_case1" finished-at="2022-12-02T17:36:13Z" duration-ms="1327" status="PASS">
          <reporter-output>
          </reporter-output>
        </test-method> <!-- test_case1 -->
        <test-method signature="test_case2()[pri:0, instance:koo_remain_testcases.test_cases@23348b5d]" started-at="2022-12-02T17:36:13Z" name="test_case2" finished-at="2022-12-02T17:36:17Z" duration-ms="4794" status="PASS">
          <reporter-output>
          </reporter-output>
        </test-method> <!-- test_case2 -->
        <test-method signature="test_case3()[pri:0, instance:koo_remain_testcases.test_cases@23348b5d]" started-at="2022-12-02T17:36:17Z" name="test_case3" finished-at="2022-12-02T17:37:03Z" duration-ms="45965" status="PASS">
          <reporter-output>
          </reporter-output>
        </test-method> <!-- test_case3 -->
        <test-method signature="test_case4()[pri:0, instance:koo_remain_testcases.test_cases@23348b5d]" started-at="2022-12-02T17:37:03Z" name="test_case4" finished-at="2022-12-02T17:37:11Z" duration-ms="7821" status="PASS">
          <reporter-output>
          </reporter-output>
        </test-method> <!-- test_case4 -->
        <test-method signature="test_case5()[pri:0, instance:koo_remain_testcases.test_cases@23348b5d]" started-at="2022-12-02T17:37:11Z" name="test_case5" finished-at="2022-12-02T17:37:18Z" duration-ms="6340" status="PASS">
          <reporter-output>
          </reporter-output>
        </test-method> <!-- test_case5 -->
        <test-method signature="test_case6()[pri:0, instance:koo_remain_testcases.test_cases@23348b5d]" started-at="2022-12-02T17:37:18Z" name="test_case6" finished-at="2022-12-02T17:37:56Z" duration-ms="37932" status="PASS">
          <reporter-output>
          </reporter-output>
        </test-method> <!-- test_case6 -->
        <test-method signature="test_case7()[pri:0, instance:koo_remain_testcases.test_cases@23348b5d]" started-at="2022-12-02T17:37:56Z" name="test_case7" finished-at="2022-12-02T17:38:17Z" duration-ms="21924" status="PASS">
          <reporter-output>
          </reporter-output>
        </test-method> <!-- test_case7 -->
        <test-method signature="test_case8()[pri:0, instance:koo_remain_testcases.test_cases@23348b5d]" started-at="2022-12-02T17:38:17Z" name="test_case8" finished-at="2022-12-02T17:38:31Z" duration-ms="13517" status="PASS">
          <reporter-output>
          </reporter-output>
        </test-method> <!-- test_case8 -->
        <test-method signature="test_case9()[pri:0, instance:koo_remain_testcases.test_cases@23348b5d]" started-at="2022-12-02T17:38:31Z" name="test_case9" finished-at="2022-12-02T17:38:45Z" duration-ms="13647" status="PASS">
          <reporter-output>
          </reporter-output>
        </test-method> <!-- test_case9 -->
        <test-method is-config="true" signature="aftest()[pri:0, instance:koo_remain_testcases.test_cases@23348b5d]" started-at="2022-12-02T17:38:45Z" name="aftest" finished-at="2022-12-02T17:38:46Z" duration-ms="1345" status="PASS">
          <reporter-output>
          </reporter-output>
        </test-method> <!-- aftest -->
      </class> <!-- koo_remain_testcases.test_cases -->
    </test> <!-- Surefire test -->
  </suite> <!-- Surefire suite -->
</testng-results>
